<?xml version="1.0" encoding="UTF-8"?>
<testsuite xmlns:xsi="http://www.w3.org/2001/XMLSchema-instance" xsi:noNamespaceSchemaLocation="https://maven.apache.org/surefire/maven-surefire-plugin/xsd/surefire-test-report.xsd" version="3.0.2" name="com.example.SpringbootMybatisQuickstartApplicationTests" time="2.928" tests="1" errors="0" skipped="0" failures="0">
  <properties>
[...]
</properties>
  <testcase name="testFindAll" classname="com.example.SpringbootMybatisQuickstartApplicationTests" time="1.296">
    <system-out><![CDATA[02:20:21.733 [main] INFO org.springframework.test.context.support.AnnotationConfigContextLoaderUtils -- Could not detect default configuration classes for test class [com.example.SpringbootMybatisQuickstartApplicationTests]: SpringbootMybatisQuickstartApplicationTests does not declare any static, non-private, non-final, nested classes annotated with @Configuration.
02:20:21.853 [main] INFO org.springframework.boot.test.context.SpringBootTestContextBootstrapper -- Found @SpringBootConfiguration com.example.SpringbootMybatisQuickstartApplication for test class com.example.SpringbootMybatisQuickstartApplicationTests

  .   ____          _            __ _ _
 /\\ / ___'_ __ _ _(_)_ __  __ _ \ \ \ \
( ( )\___ | '_ | '_| | '_ \/ _` | \ \ \ \
 \\/  ___)| |_)| | | | | || (_| |  ) ) ) )
  '  |____| .__|_| |_|_| |_\__, | / / / /
 =========|_|==============|___/=/_/_/_/

 :: Spring Boot ::                (v3.4.1)

2026-03-14T02:20:22.246+08:00  INFO 7616 --- [springboot-mybatis-quickstart] [           main] ingbootMybatisQuickstartApplicationTests : Starting SpringbootMybatisQuickstartApplicationTests using Java 21.0.7 with PID 7616 (started by li_shuai in /Users/li_shuai/我的代码/后端学习/Java项目实战/java-basic-syntax/mybatis-web-demo/springboot-mybatis-quickstart)
2026-03-14T02:20:22.249+08:00  INFO 7616 --- [springboot-mybatis-quickstart] [           main] ingbootMybatisQuickstartApplicationTests : No active profile set, falling back to 1 default profile: "default"
2026-03-14T02:20:23.136+08:00  INFO 7616 --- [springboot-mybatis-quickstart] [           main] ingbootMybatisQuickstartApplicationTests : Started SpringbootMybatisQuickstartApplicationTests in 1.164 seconds (process running for 2.246)
2026-03-14T02:20:23.981+08:00  INFO 7616 --- [springboot-mybatis-quickstart] [           main] com.zaxxer.hikari.HikariDataSource       : HikariPool-1 - Starting...
2026-03-14T02:20:24.373+08:00  INFO 7616 --- [springboot-mybatis-quickstart] [           main] com.zaxxer.hikari.pool.HikariPool        : HikariPool-1 - Added connection com.mysql.cj.jdbc.ConnectionImpl@66f2ec1c
2026-03-14T02:20:24.375+08:00  INFO 7616 --- [springboot-mybatis-quickstart] [           main] com.zaxxer.hikari.HikariDataSource       : HikariPool-1 - Start completed.
com.example.pojo.User@27dbaa33
com.example.pojo.User@15d65fcf
com.example.pojo.User@3b021664
com.example.pojo.User@f59da34
com.example.pojo.User@752973de
]]></system-out>
    <system-err><![CDATA[Mockito is currently self-attaching to enable the inline-mock-maker. This will no longer work in future releases of the JDK. Please add Mockito as an agent to your build what is described in Mockito's documentation: https://javadoc.io/doc/org.mockito/mockito-core/latest/org/mockito/Mockito.html#0.3
WARNING: A Java agent has been loaded dynamically (/Users/li_shuai/公司/九影网络/Java相关/Java学生表-增删改查/maven-repository_demo/net/bytebuddy/byte-buddy-agent/1.15.11/byte-buddy-agent-1.15.11.jar)
WARNING: If a serviceability tool is in use, please run with -XX:+EnableDynamicAgentLoading to hide this warning
WARNING: If a serviceability tool is not in use, please run with -Djdk.instrument.traceUsage for more information
WARNING: Dynamic loading of agents will be disallowed by default in a future release
]]></system-err>
  </testcase>
</testsuite>