<?xml version="1.0" encoding="UTF-8"?>
<testsuite xmlns:xsi="http://www.w3.org/2001/XMLSchema-instance" xsi:noNamespaceSchemaLocation="https://maven.apache.org/surefire/maven-surefire-plugin/xsd/surefire-test-report.xsd" version="3.0.2" name="com.example.SpringbootWeb03ApplicationTests" time="2.889" tests="1" errors="0" skipped="0" failures="0">
  <properties>
[...]
</properties>
  <testcase name="contextLoads" classname="com.example.SpringbootWeb03ApplicationTests" time="0.786">
    <system-out><![CDATA[00:28:35.918 [main] INFO org.springframework.test.context.support.AnnotationConfigContextLoaderUtils -- Could not detect default configuration classes for test class [com.example.SpringbootWeb03ApplicationTests]: SpringbootWeb03ApplicationTests does not declare any static, non-private, non-final, nested classes annotated with @Configuration.
00:28:36.041 [main] INFO org.springframework.boot.test.context.SpringBootTestContextBootstrapper -- Found @SpringBootConfiguration com.example.SpringbootWeb03Application for test class com.example.SpringbootWeb03ApplicationTests

  .   ____          _            __ _ _
 /\\ / ___'_ __ _ _(_)_ __  __ _ \ \ \ \
( ( )\___ | '_ | '_| | '_ \/ _` | \ \ \ \
 \\/  ___)| |_)| | | | | || (_| |  ) ) ) )
  '  |____| .__|_| |_|_| |_\__, | / / / /
 =========|_|==============|___/=/_/_/_/

 :: Spring Boot ::                (v4.0.2)

2026-01-28T00:28:36.538+08:00  INFO 5050 --- [springboot-web-03] [           main] c.e.SpringbootWeb03ApplicationTests      : Starting SpringbootWeb03ApplicationTests using Java 21.0.7 with PID 5050 (started by li_shuai in /Users/li_shuai/我的代码/后端学习/Java项目实战/java-basic-syntax/springboot-web-03)
2026-01-28T00:28:36.540+08:00  INFO 5050 --- [springboot-web-03] [           main] c.e.SpringbootWeb03ApplicationTests      : No active profile set, falling back to 1 default profile: "default"
2026-01-28T00:28:37.746+08:00  INFO 5050 --- [springboot-web-03] [           main] c.e.SpringbootWeb03ApplicationTests      : Started SpringbootWeb03ApplicationTests in 1.54 seconds (process running for 2.982)
]]></system-out>
    <system-err><![CDATA[Mockito is currently self-attaching to enable the inline-mock-maker. This will no longer work in future releases of the JDK. Please add Mockito as an agent to your build as described in Mockito's documentation: https://javadoc.io/doc/org.mockito/mockito-core/latest/org.mockito/org/mockito/Mockito.html#0.3
WARNING: A Java agent has been loaded dynamically (/Users/li_shuai/公司/九影网络/Java相关/Java学生表-增删改查/maven-repository_demo/net/bytebuddy/byte-buddy-agent/1.17.8/byte-buddy-agent-1.17.8.jar)
WARNING: If a serviceability tool is in use, please run with -XX:+EnableDynamicAgentLoading to hide this warning
WARNING: If a serviceability tool is not in use, please run with -Djdk.instrument.traceUsage for more information
WARNING: Dynamic loading of agents will be disallowed by default in a future release
]]></system-err>
  </testcase>
</testsuite>